<?xml version="1.0" encoding="UTF-8"?>
<!-- Generated by org.testng.reporters.JUnitXMLReporter -->
<testsuite ignored="0" hostname="SPNXIN-4CDJ924" failures="0" tests="6" name="Default test" time="13.275" errors="0" timestamp="2024-07-21T14:55:37 IST">
  <testcase classname="api.test.DDTests" name="testPostuser" time="3.766"/>
  <testcase classname="api.test.DDTests" name="testPostuser" time="1.352"/>
  <testcase classname="api.test.DDTests" name="testPostuser" time="2.013"/>
  <testcase classname="api.test.DDTests" name="testDeleteUserByName" time="1.276"/>
  <testcase classname="api.test.DDTests" name="testDeleteUserByName" time="1.352"/>
  <testcase classname="api.test.DDTests" name="testDeleteUserByName" time="1.514"/>
</testsuite> <!-- Default test -->
