<?xml version="1.0" encoding="UTF-8"?>
<testng-results ignored="0" total="4" passed="4" failed="0" skipped="0">
  <reporter-output>
  </reporter-output>
  <suite started-at="2024-07-19T22:31:56 IST" name="PetSuite" finished-at="2024-07-19T22:32:08 IST" duration-ms="11414">
    <groups>
    </groups>
    <test started-at="2024-07-19T22:31:56 IST" name="PetTest" finished-at="2024-07-19T22:32:08 IST" duration-ms="11414">
      <class name="api.test.UserTests">
        <test-method is-config="true" signature="setupData()[pri:0, instance:api.test.UserTests@2b662a77]" started-at="2024-07-19T22:31:57 IST" name="setupData" finished-at="2024-07-19T22:31:57 IST" duration-ms="587" status="PASS">
          <reporter-output>
          </reporter-output>
        </test-method> <!-- setupData -->
        <test-method signature="testPostUser()[pri:1, instance:api.test.UserTests@2b662a77]" started-at="2024-07-19T22:31:57 IST" name="testPostUser" finished-at="2024-07-19T22:32:01 IST" duration-ms="4301" status="PASS">
          <reporter-output>
          </reporter-output>
        </test-method> <!-- testPostUser -->
        <test-method signature="testGetUserByName()[pri:2, instance:api.test.UserTests@2b662a77]" started-at="2024-07-19T22:32:01 IST" name="testGetUserByName" finished-at="2024-07-19T22:32:03 IST" duration-ms="1381" status="PASS">
          <reporter-output>
          </reporter-output>
        </test-method> <!-- testGetUserByName -->
        <test-method signature="testUpdateUser()[pri:3, instance:api.test.UserTests@2b662a77]" started-at="2024-07-19T22:32:03 IST" name="testUpdateUser" finished-at="2024-07-19T22:32:05 IST" duration-ms="2539" status="PASS">
          <reporter-output>
          </reporter-output>
        </test-method> <!-- testUpdateUser -->
        <test-method signature="testDeleteUser()[pri:4, instance:api.test.UserTests@2b662a77]" started-at="2024-07-19T22:32:05 IST" name="testDeleteUser" finished-at="2024-07-19T22:32:08 IST" duration-ms="2301" status="PASS">
          <reporter-output>
          </reporter-output>
        </test-method> <!-- testDeleteUser -->
      </class> <!-- api.test.UserTests -->
    </test> <!-- PetTest -->
  </suite> <!-- PetSuite -->
</testng-results>
