<?xml version="1.0" encoding="UTF-8"?>
<testng-results ignored="0" total="4" passed="4" failed="0" skipped="0">
  <reporter-output>
  </reporter-output>
  <suite started-at="2024-07-19T21:44:57 IST" name="Default suite" finished-at="2024-07-19T21:45:08 IST" duration-ms="11196">
    <groups>
    </groups>
    <test started-at="2024-07-19T21:44:57 IST" name="Default test" finished-at="2024-07-19T21:45:08 IST" duration-ms="11196">
      <class name="api.test.UserTests2">
        <test-method is-config="true" signature="setupData()[pri:0, instance:api.test.UserTests2@7c37508a]" started-at="2024-07-19T21:44:57 IST" name="setupData" finished-at="2024-07-19T21:44:58 IST" duration-ms="533" status="PASS">
          <reporter-output>
          </reporter-output>
        </test-method> <!-- setupData -->
        <test-method signature="testPostUser()[pri:1, instance:api.test.UserTests2@7c37508a]" started-at="2024-07-19T21:44:58 IST" name="testPostUser" finished-at="2024-07-19T21:45:02 IST" duration-ms="3992" status="PASS">
          <reporter-output>
          </reporter-output>
        </test-method> <!-- testPostUser -->
        <test-method signature="testGetUserByName()[pri:2, instance:api.test.UserTests2@7c37508a]" started-at="2024-07-19T21:45:02 IST" name="testGetUserByName" finished-at="2024-07-19T21:45:03 IST" duration-ms="1368" status="PASS">
          <reporter-output>
          </reporter-output>
        </test-method> <!-- testGetUserByName -->
        <test-method signature="testUpdateUser()[pri:3, instance:api.test.UserTests2@7c37508a]" started-at="2024-07-19T21:45:03 IST" name="testUpdateUser" finished-at="2024-07-19T21:45:06 IST" duration-ms="3104" status="PASS">
          <reporter-output>
          </reporter-output>
        </test-method> <!-- testUpdateUser -->
        <test-method signature="testDeleteUser()[pri:4, instance:api.test.UserTests2@7c37508a]" started-at="2024-07-19T21:45:06 IST" name="testDeleteUser" finished-at="2024-07-19T21:45:08 IST" duration-ms="2089" status="PASS">
          <reporter-output>
          </reporter-output>
        </test-method> <!-- testDeleteUser -->
      </class> <!-- api.test.UserTests2 -->
    </test> <!-- Default test -->
  </suite> <!-- Default suite -->
</testng-results>
