<?xml version="1.0" encoding="UTF-8"?>
<!-- Generated by org.testng.reporters.JUnitXMLReporter -->
<testsuite ignored="0" hostname="SPNXIN-4CDJ924" failures="0" tests="4" name="PetTest" time="11.414" errors="0" timestamp="2024-07-19T22:32:08 IST">
  <testcase classname="api.test.UserTests" name="testPostUser" time="4.301"/>
  <testcase classname="api.test.UserTests" name="testGetUserByName" time="1.381"/>
  <testcase classname="api.test.UserTests" name="testUpdateUser" time="2.539"/>
  <testcase classname="api.test.UserTests" name="testDeleteUser" time="2.301"/>
</testsuite> <!-- PetTest -->
