<?xml version="1.0" encoding="UTF-8"?>
<!-- Generated by org.testng.reporters.JUnitXMLReporter -->
<testsuite ignored="0" hostname="SPNXIN-4CDJ924" failures="0" tests="10" name="PetTest" time="21.248" errors="0" timestamp="2024-07-19T20:54:30 IST">
  <testcase classname="api.test.UserTests" name="testPostUser" time="4.174"/>
  <testcase classname="api.test.UserTests" name="testGetUserByName" time="1.433"/>
  <testcase classname="api.test.UserTests" name="testUpdateUser" time="2.869"/>
  <testcase classname="api.test.UserTests" name="testDeleteUser" time="1.931"/>
  <testcase classname="api.test.DDTests" name="testPostuser" time="1.292"/>
  <testcase classname="api.test.DDTests" name="testPostuser" time="1.177"/>
  <testcase classname="api.test.DDTests" name="testPostuser" time="1.347"/>
  <testcase classname="api.test.DDTests" name="testDeleteUserByName" time="1.354"/>
  <testcase classname="api.test.DDTests" name="testDeleteUserByName" time="1.242"/>
  <testcase classname="api.test.DDTests" name="testDeleteUserByName" time="1.55"/>
</testsuite> <!-- PetTest -->
